{
  "RSpec": {
    "coverage": {
      "/Users/valorie/odrive/Amazon/Documents/Val/BLOC/Blocmetrics-project/app/helpers/application_helper.rb": [
        1,
        null
      ],
      "/Users/valorie/odrive/Amazon/Documents/Val/BLOC/Blocmetrics-project/app/helpers/registered_applications_helper.rb": [
        1,
        null
      ],
      "/Users/valorie/odrive/Amazon/Documents/Val/BLOC/Blocmetrics-project/app/helpers/welcome_helper.rb": [
        1,
        null
      ],
      "/Users/valorie/odrive/Amazon/Documents/Val/BLOC/Blocmetrics-project/lib/random_data.rb": [
        1,
        null,
        1,
        44,
        44,
        44,
        null,
        null,
        1,
        0,
        null,
        null,
        null,
        1,
        0,
        0,
        0,
        null,
        null,
        0,
        null,
        null,
        null,
        1,
        0,
        0,
        0,
        null,
        null,
        0,
        0,
        null,
        null,
        null,
        1,
        88,
        88,
        88,
        null,
        null
      ],
      "/Users/valorie/odrive/Amazon/Documents/Val/BLOC/Blocmetrics-project/app/controllers/api/events_controller.rb": [
        1,
        1,
        1,
        null,
        1,
        7,
        7,
        7,
        null,
        null,
        null,
        null,
        null,
        1,
        7,
        7,
        2,
        null,
        5,
        5,
        null,
        5,
        3,
        3,
        null,
        2,
        null,
        null,
        null,
        null,
        null,
        1,
        0,
        null,
        null,
        1,
        null,
        1,
        5,
        null,
        null,
        1,
        0,
        null,
        null,
        1,
        0,
        null,
        null
      ],
      "/Users/valorie/odrive/Amazon/Documents/Val/BLOC/Blocmetrics-project/app/controllers/application_controller.rb": [
        1,
        null,
        null,
        1,
        null
      ],
      "/Users/valorie/odrive/Amazon/Documents/Val/BLOC/Blocmetrics-project/spec/controllers/registered_applications_controller_spec.rb": [
        1,
        1,
        null,
        1,
        20,
        12,
        2,
        null,
        1,
        1,
        19,
        19,
        19,
        19,
        19,
        null,
        null,
        1,
        1,
        1,
        1,
        null,
        null,
        1,
        1,
        1,
        null,
        null,
        1,
        1,
        1,
        null,
        null,
        null,
        1,
        1,
        1,
        1,
        null,
        null,
        1,
        1,
        1,
        null,
        null,
        1,
        1,
        1,
        null,
        null,
        null,
        1,
        1,
        1,
        1,
        null,
        null,
        1,
        1,
        1,
        null,
        null,
        1,
        1,
        1,
        1,
        null,
        null,
        null,
        1,
        1,
        2,
        null,
        null,
        1,
        1,
        1,
        null,
        null,
        1,
        1,
        1,
        null,
        null,
        null,
        1,
        1,
        1,
        1,
        null,
        null,
        1,
        1,
        1,
        null,
        null,
        1,
        1,
        1,
        null,
        1,
        1,
        1,
        null,
        null,
        null,
        1,
        1,
        1,
        1,
        null,
        1,
        null,
        1,
        1,
        1,
        1,
        null,
        null,
        1,
        1,
        1,
        null,
        1,
        1,
        null,
        null,
        null,
        1,
        1,
        1,
        1,
        1,
        1,
        1,
        null,
        null,
        1,
        1,
        1,
        null,
        null,
        null,
        null
      ],
      "/Users/valorie/odrive/Amazon/Documents/Val/BLOC/Blocmetrics-project/app/controllers/registered_applications_controller.rb": [
        1,
        1,
        null,
        1,
        3,
        null,
        null,
        1,
        3,
        3,
        null,
        null,
        1,
        3,
        null,
        null,
        1,
        3,
        3,
        3,
        null,
        3,
        3,
        3,
        null,
        0,
        0,
        null,
        null,
        null,
        1,
        3,
        null,
        null,
        1,
        2,
        2,
        null,
        2,
        2,
        2,
        null,
        0,
        0,
        null,
        null,
        null,
        1,
        2,
        null,
        2,
        2,
        2,
        null,
        0,
        0,
        null,
        null,
        null,
        1,
        null,
        1,
        5,
        null,
        null,
        null,
        null
      ],
      "/Users/valorie/odrive/Amazon/Documents/Val/BLOC/Blocmetrics-project/spec/controllers/welcome_controller_spec.rb": [
        1,
        null,
        1,
        null,
        1,
        1,
        1,
        1,
        null,
        null,
        null,
        1,
        1,
        1,
        1,
        null,
        null,
        null,
        null
      ],
      "/Users/valorie/odrive/Amazon/Documents/Val/BLOC/Blocmetrics-project/app/controllers/welcome_controller.rb": [
        1,
        1,
        null,
        null,
        1,
        null,
        null
      ],
      "/Users/valorie/odrive/Amazon/Documents/Val/BLOC/Blocmetrics-project/spec/helpers/registered_applications_helper_spec.rb": [
        1,
        null,
        null,
        null,
        null,
        null,
        null,
        null,
        null,
        null,
        null,
        null,
        1,
        1,
        null
      ],
      "/Users/valorie/odrive/Amazon/Documents/Val/BLOC/Blocmetrics-project/spec/helpers/welcome_helper_spec.rb": [
        1,
        null,
        null,
        null,
        null,
        null,
        null,
        null,
        null,
        null,
        null,
        null,
        1,
        1,
        null
      ],
      "/Users/valorie/odrive/Amazon/Documents/Val/BLOC/Blocmetrics-project/spec/models/event_spec.rb": [
        1,
        null,
        1,
        1,
        2,
        2,
        null,
        2,
        null,
        2,
        2,
        null,
        null,
        1,
        1,
        1,
        null,
        null,
        null,
        1,
        2,
        2,
        null,
        null,
        1,
        1,
        null,
        null,
        1,
        1,
        null,
        null,
        null,
        1,
        2,
        2,
        null,
        null,
        1,
        1,
        1,
        null,
        null,
        null,
        null
      ],
      "/Users/valorie/odrive/Amazon/Documents/Val/BLOC/Blocmetrics-project/app/models/event.rb": [
        1,
        1,
        1,
        null,
        null,
        null,
        null
      ],
      "/Users/valorie/odrive/Amazon/Documents/Val/BLOC/Blocmetrics-project/spec/models/registered_application_spec.rb": [
        1,
        null,
        1,
        4,
        3,
        2,
        null,
        2,
        null,
        2,
        2,
        null,
        2,
        2,
        2,
        null,
        1,
        1,
        1,
        null,
        null,
        null,
        1,
        2,
        2,
        null,
        null,
        1,
        1,
        null,
        null,
        1,
        1,
        null,
        null,
        null,
        1,
        2,
        2,
        null,
        1,
        1,
        1,
        null,
        null,
        null,
        1,
        1,
        2,
        2,
        null,
        null,
        1,
        1,
        1,
        null,
        null,
        1,
        1,
        null,
        null,
        null,
        null,
        null
      ],
      "/Users/valorie/odrive/Amazon/Documents/Val/BLOC/Blocmetrics-project/app/models/registered_application.rb": [
        1,
        1,
        1,
        null,
        1,
        1,
        1,
        null,
        6,
        null,
        null
      ],
      "/Users/valorie/odrive/Amazon/Documents/Val/BLOC/Blocmetrics-project/spec/models/user_spec.rb": [
        1,
        null,
        1,
        null,
        2,
        null,
        2,
        null,
        1,
        1,
        1,
        null,
        null,
        null,
        1,
        2,
        null,
        1,
        1,
        null,
        null,
        null,
        null
      ],
      "/Users/valorie/odrive/Amazon/Documents/Val/BLOC/Blocmetrics-project/spec/views/welcome/about.html.erb_spec.rb": [
        1,
        null,
        1,
        1,
        null
      ],
      "/Users/valorie/odrive/Amazon/Documents/Val/BLOC/Blocmetrics-project/spec/views/welcome/index.html.erb_spec.rb": [
        1,
        null,
        1,
        1,
        null
      ]
    },
    "timestamp": 1464820053
  }
}
